Vivado Simulator 2020.1
Copyright 1986-1999, 2001-2020 Xilinx, Inc. All Rights Reserved.
Running: C:/Xilinx/Vivado/2020.1/bin/unwrapped/win64.o/xelab.exe -wto 81dfea291564469c8de4f3c68cfd2971 --incr --debug typical --relax --mt 2 -L fifo_generator_v13_2_5 -L xil_defaultlib -L unisims_ver -L unimacro_ver -L secureip -L xpm --snapshot RS232top_TB_behav xil_defaultlib.RS232top_TB xil_defaultlib.glbl -log elaborate.log 
Using 2 slave threads.
Starting static elaboration
Pass Through NonSizing Optimizer
Completed static elaboration
Starting simulation data flow analysis
Completed simulation data flow analysis
Time Resolution for simulation is 1ps
Compiling package std.standard
Compiling package std.textio
Compiling package ieee.std_logic_1164
Compiling package ieee.numeric_std
Compiling package xil_defaultlib.rs232_test
Compiling package ieee.std_logic_arith
Compiling package ieee.std_logic_unsigned
Compiling package vl.vl_types
Compiling module xil_defaultlib.glbl
Compiling module unisims_ver.IBUF
Compiling module unisims_ver.MMCME2_ADV(CLKFBOUT_MULT_F=8.5,C...
Compiling module unisims_ver.BUFG
Compiling module xil_defaultlib.Clk_Gen_clk_wiz
Compiling module xil_defaultlib.Clk_Gen
Compiling architecture behavioral of entity xil_defaultlib.RS232_TX [rs232_tx_default]
Compiling architecture behavioral of entity xil_defaultlib.RS232_RX [rs232_rx_default]
Compiling architecture behavioral of entity xil_defaultlib.ShiftRegister [shiftregister_default]
Compiling module fifo_generator_v13_2_5.fifo_generator_v13_2_5_bhv_ver_s...
Compiling module fifo_generator_v13_2_5.fifo_generator_v13_2_5_bhv_ver_p...
Compiling module fifo_generator_v13_2_5.fifo_generator_v13_2_5_CONV_VER(...
Compiling module fifo_generator_v13_2_5.fifo_generator_vlog_beh(C_COMMON...
Compiling module xil_defaultlib.fifo
Compiling architecture rtl of entity xil_defaultlib.RS232top [rs232top_default]
Compiling architecture testbench of entity xil_defaultlib.rs232top_tb
Built simulation snapshot RS232top_TB_behav
